0 info it worked if it ends with ok
1 verbose cli [ 'C:\\nodejs\\SCWorkApp\\node.exe',
1 verbose cli   'C:\\nodejs\\SCWorkApp\\node_modules\\npm\\bin\\npm-cli.js',
1 verbose cli   'i',
1 verbose cli   'nodemon',
1 verbose cli   '-g',
1 verbose cli   '--save' ]
2 info using npm@3.5.3
3 info using node@v4.2.4
4 silly loadCurrentTree Starting
5 silly install loadCurrentTree
6 silly install readGlobalPackageData
7 silly fetchPackageMetaData nodemon
8 silly fetchOtherPackageData nodemon
9 silly cache add args [ 'nodemon', null ]
10 verbose cache add spec nodemon
11 silly cache add parsed spec Result {
11 silly cache add   raw: 'nodemon',
11 silly cache add   scope: null,
11 silly cache add   name: null,
11 silly cache add   rawSpec: 'nodemon',
11 silly cache add   spec: 'C:\\nodejs\\SCWorkApp\\nodemon',
11 silly cache add   type: 'local' }
12 silly addLocalTarball shasum (computed) e16072014aec103c90406c9b2d904cea14aecf7e
13 verbose addTmpTarball C:\nodejs\SCWorkApp\nodemon not in flight; adding
14 verbose addTmpTarball validating metadata from C:\nodejs\SCWorkApp\nodemon
15 verbose tar unpack C:\nodejs\SCWorkApp\nodemon
16 verbose tar unpacking to C:\Users\tkngo\AppData\Local\Temp\npm-5712-9bc1277d\unpack-482dd36e
17 silly gentlyRm C:\Users\tkngo\AppData\Local\Temp\npm-5712-9bc1277d\unpack-482dd36e is being purged
18 verbose gentlyRm don't care about contents; nuking C:\Users\tkngo\AppData\Local\Temp\npm-5712-9bc1277d\unpack-482dd36e
19 silly gunzTarPerm modes [ '777', '666' ]
20 error not a package C:\nodejs\SCWorkApp\nodemon
21 error addLocal Could not install C:\nodejs\SCWorkApp\nodemon
22 silly fetchPackageMetaData Error: ENOENT: no such file or directory, open 'C:\Users\tkngo\AppData\Local\Temp\npm-5712-9bc1277d\unpack-482dd36e\package.json'
22 silly fetchPackageMetaData     at Error (native)
22 silly fetchPackageMetaData  error for nodemon { [Error: ENOENT: no such file or directory, open 'C:\Users\tkngo\AppData\Local\Temp\npm-5712-9bc1277d\unpack-482dd36e\package.json']
22 silly fetchPackageMetaData   errno: -4058,
22 silly fetchPackageMetaData   code: 'ENOENT',
22 silly fetchPackageMetaData   syscall: 'open',
22 silly fetchPackageMetaData   path: 'C:\\Users\\tkngo\\AppData\\Local\\Temp\\npm-5712-9bc1277d\\unpack-482dd36e\\package.json' }
23 silly rollbackFailedOptional Starting
24 silly rollbackFailedOptional Finishing
25 silly runTopLevelLifecycles Starting
26 silly runTopLevelLifecycles Finishing
27 silly install printInstalled
28 verbose stack Error: ENOENT: no such file or directory, open 'C:\Users\tkngo\AppData\Local\Temp\npm-5712-9bc1277d\unpack-482dd36e\package.json'
28 verbose stack     at Error (native)
29 verbose cwd C:\nodejs\SCWorkApp
30 error Windows_NT 6.1.7601
31 error argv "C:\\nodejs\\SCWorkApp\\node.exe" "C:\\nodejs\\SCWorkApp\\node_modules\\npm\\bin\\npm-cli.js" "i" "nodemon" "-g" "--save"
32 error node v4.2.4
33 error npm  v3.5.3
34 error path C:\Users\tkngo\AppData\Local\Temp\npm-5712-9bc1277d\unpack-482dd36e\package.json
35 error code ENOENT
36 error errno -4058
37 error syscall open
38 error enoent ENOENT: no such file or directory, open 'C:\Users\tkngo\AppData\Local\Temp\npm-5712-9bc1277d\unpack-482dd36e\package.json'
39 error enoent ENOENT: no such file or directory, open 'C:\Users\tkngo\AppData\Local\Temp\npm-5712-9bc1277d\unpack-482dd36e\package.json'
39 error enoent This is most likely not a problem with npm itself
39 error enoent and is related to npm not being able to find a file.
40 verbose exit [ -4058, true ]
